# JRE version: Java(TM) SE Runtime Environment (7.0_45-b18) (build 1.7.0_45-b18)
# Java VM: Java HotSpot(TM) 64-Bit Server VM (24.45-b08 mixed mode windows-amd64 compressed oops)
Heap
 PSYoungGen      total 430592K, used 404278K [0x00000007d6a80000, 0x0000000800000000, 0x0000000800000000)
  eden space 403968K, 94% used [0x00000007d6a80000,0x00000007ede211d8,0x00000007ef500000)
  from space 26624K, 89% used [0x00000007ef500000,0x00000007f0c2ca08,0x00000007f0f00000)
  to   space 29696K, 0% used [0x00000007fe300000,0x00000007fe300000,0x0000000800000000)
 ParOldGen       total 84480K, used 58471K [0x0000000784000000, 0x0000000789280000, 0x00000007d6a80000)
  object space 84480K, 69% used [0x0000000784000000,0x0000000787919c00,0x0000000789280000)
 PSPermGen       total 67072K, used 66846K [0x000000077ee00000, 0x0000000782f80000, 0x0000000784000000)
  object space 67072K, 99% used [0x000000077ee00000,0x0000000782f478f8,0x0000000782f80000)
GC Heap History (10 events):
Event: 7.733 GC heap before
{Heap before GC invocations=7 (full 0):
 PSYoungGen      total 139776K, used 137044K [0x00000007d6a80000, 0x00000007dfd80000, 0x0000000800000000)
  eden space 129024K, 100% used [0x00000007d6a80000,0x00000007de880000,0x00000007de880000)
  from space 10752K, 74% used [0x00000007df300000,0x00000007dfad5110,0x00000007dfd80000)
  to   space 10752K, 0% used [0x00000007de880000,0x00000007de880000,0x00000007df300000)
 ParOldGen       total 84480K, used 11973K [0x0000000784000000, 0x0000000789280000, 0x00000007d6a80000)
  object space 84480K, 14% used [0x0000000784000000,0x0000000784bb1518,0x0000000789280000)
 PSPermGen       total 21504K, used 20967K [0x000000077ee00000, 0x0000000780300000, 0x0000000784000000)
  object space 21504K, 97% used [0x000000077ee00000,0x0000000780279db0,0x0000000780300000)
Event: 7.870 GC heap after
Heap after GC invocations=7 (full 0):
 PSYoungGen      total 139776K, used 10731K [0x00000007d6a80000, 0x00000007e8080000, 0x0000000800000000)
  eden space 129024K, 0% used [0x00000007d6a80000,0x00000007d6a80000,0x00000007de880000)
  from space 10752K, 99% used [0x00000007de880000,0x00000007df2faf48,0x00000007df300000)
  to   space 13312K, 0% used [0x00000007e7380000,0x00000007e7380000,0x00000007e8080000)
 ParOldGen       total 84480K, used 14883K [0x0000000784000000, 0x0000000789280000, 0x00000007d6a80000)
  object space 84480K, 17% used [0x0000000784000000,0x0000000784e88d00,0x0000000789280000)
 PSPermGen       total 21504K, used 20967K [0x000000077ee00000, 0x0000000780300000, 0x0000000784000000)
  object space 21504K, 97% used [0x000000077ee00000,0x0000000780279db0,0x0000000780300000)
}
Event: 9.045 GC heap before
{Heap before GC invocations=8 (full 0):
 PSYoungGen      total 139776K, used 139755K [0x00000007d6a80000, 0x00000007e8080000, 0x0000000800000000)
  eden space 129024K, 100% used [0x00000007d6a80000,0x00000007de880000,0x00000007de880000)
  from space 10752K, 99% used [0x00000007de880000,0x00000007df2faf48,0x00000007df300000)
  to   space 13312K, 0% used [0x00000007e7380000,0x00000007e7380000,0x00000007e8080000)
 ParOldGen       total 84480K, used 14883K [0x0000000784000000, 0x0000000789280000, 0x00000007d6a80000)
  object space 84480K, 17% used [0x0000000784000000,0x0000000784e88d00,0x0000000789280000)
 PSPermGen       total 21504K, used 21116K [0x000000077ee00000, 0x0000000780300000, 0x0000000784000000)
  object space 21504K, 98% used [0x000000077ee00000,0x000000078029f078,0x0000000780300000)
Event: 9.057 GC heap after
Heap after GC invocations=8 (full 0):
 PSYoungGen      total 271360K, used 4096K [0x00000007d6a80000, 0x00000007e8080000, 0x0000000800000000)
  eden space 258048K, 0% used [0x00000007d6a80000,0x00000007d6a80000,0x00000007e6680000)
  from space 13312K, 30% used [0x00000007e7380000,0x00000007e7780000,0x00000007e8080000)
  to   space 13312K, 0% used [0x00000007e6680000,0x00000007e6680000,0x00000007e7380000)
 ParOldGen       total 84480K, used 16773K [0x0000000784000000, 0x0000000789280000, 0x00000007d6a80000)
  object space 84480K, 19% used [0x0000000784000000,0x00000007850615f0,0x0000000789280000)
 PSPermGen       total 21504K, used 21116K [0x000000077ee00000, 0x0000000780300000, 0x0000000784000000)
  object space 21504K, 98% used [0x000000077ee00000,0x000000078029f078,0x0000000780300000)
}
Event: 14.621 GC heap before
{Heap before GC invocations=9 (full 0):
 PSYoungGen      total 271360K, used 262144K [0x00000007d6a80000, 0x00000007e8080000, 0x0000000800000000)
  eden space 258048K, 100% used [0x00000007d6a80000,0x00000007e6680000,0x00000007e6680000)
  from space 13312K, 30% used [0x00000007e7380000,0x00000007e7780000,0x00000007e8080000)
  to   space 13312K, 0% used [0x00000007e6680000,0x00000007e6680000,0x00000007e7380000)
 ParOldGen       total 84480K, used 16773K [0x0000000784000000, 0x0000000789280000, 0x00000007d6a80000)
  object space 84480K, 19% used [0x0000000784000000,0x00000007850615f0,0x0000000789280000)
 PSPermGen       total 31744K, used 31477K [0x000000077ee00000, 0x0000000780d00000, 0x0000000784000000)
  object space 31744K, 99% used [0x000000077ee00000,0x0000000780cbd650,0x0000000780d00000)
Event: 14.653 GC heap after
Heap after GC invocations=9 (full 0):
 PSYoungGen      total 271360K, used 13292K [0x00000007d6a80000, 0x00000007f2000000, 0x0000000800000000)
  eden space 258048K, 0% used [0x00000007d6a80000,0x00000007d6a80000,0x00000007e6680000)
  from space 13312K, 99% used [0x00000007e6680000,0x00000007e737b348,0x00000007e7380000)
  to   space 17408K, 0% used [0x00000007f0f00000,0x00000007f0f00000,0x00000007f2000000)
 ParOldGen       total 84480K, used 22317K [0x0000000784000000, 0x0000000789280000, 0x00000007d6a80000)
  object space 84480K, 26% used [0x0000000784000000,0x00000007855cb460,0x0000000789280000)
 PSPermGen       total 31744K, used 31477K [0x000000077ee00000, 0x0000000780d00000, 0x0000000784000000)
  object space 31744K, 99% used [0x000000077ee00000,0x0000000780cbd650,0x0000000780d00000)
}
Event: 19.259 GC heap before
{Heap before GC invocations=10 (full 0):
 PSYoungGen      total 271360K, used 271340K [0x00000007d6a80000, 0x00000007f2000000, 0x0000000800000000)
  eden space 258048K, 100% used [0x00000007d6a80000,0x00000007e6680000,0x00000007e6680000)
  from space 13312K, 99% used [0x00000007e6680000,0x00000007e737b348,0x00000007e7380000)
  to   space 17408K, 0% used [0x00000007f0f00000,0x00000007f0f00000,0x00000007f2000000)
 ParOldGen       total 84480K, used 22317K [0x0000000784000000, 0x0000000789280000, 0x00000007d6a80000)
  object space 84480K, 26% used [0x0000000784000000,0x00000007855cb460,0x0000000789280000)
 PSPermGen       total 46592K, used 46552K [0x000000077ee00000, 0x0000000781b80000, 0x0000000784000000)
  object space 46592K, 99% used [0x000000077ee00000,0x0000000781b76000,0x0000000781b80000)
Event: 19.355 GC heap after
Heap after GC invocations=10 (full 0):
 PSYoungGen      total 421376K, used 17379K [0x00000007d6a80000, 0x00000007f3200000, 0x0000000800000000)
  eden space 403968K, 0% used [0x00000007d6a80000,0x00000007d6a80000,0x00000007ef500000)
  from space 17408K, 99% used [0x00000007f0f00000,0x00000007f1ff8ce0,0x00000007f2000000)
  to   space 26624K, 0% used [0x00000007ef500000,0x00000007ef500000,0x00000007f0f00000)
 ParOldGen       total 84480K, used 41519K [0x0000000784000000, 0x0000000789280000, 0x00000007d6a80000)
  object space 84480K, 49% used [0x0000000784000000,0x000000078688bc68,0x0000000789280000)
 PSPermGen       total 46592K, used 46552K [0x000000077ee00000, 0x0000000781b80000, 0x0000000784000000)
  object space 46592K, 99% used [0x000000077ee00000,0x0000000781b76000,0x0000000781b80000)
}
Event: 31.248 GC heap before
{Heap before GC invocations=11 (full 0):
 PSYoungGen      total 421376K, used 421347K [0x00000007d6a80000, 0x00000007f3200000, 0x0000000800000000)
  eden space 403968K, 100% used [0x00000007d6a80000,0x00000007ef500000,0x00000007ef500000)
  from space 17408K, 99% used [0x00000007f0f00000,0x00000007f1ff8ce0,0x00000007f2000000)
  to   space 26624K, 0% used [0x00000007ef500000,0x00000007ef500000,0x00000007f0f00000)
 ParOldGen       total 84480K, used 41519K [0x0000000784000000, 0x0000000789280000, 0x00000007d6a80000)
  object space 84480K, 49% used [0x0000000784000000,0x000000078688bc68,0x0000000789280000)
 PSPermGen       total 54784K, used 54439K [0x000000077ee00000, 0x0000000782380000, 0x0000000784000000)
  object space 54784K, 99% used [0x000000077ee00000,0x0000000782329c78,0x0000000782380000)
Event: 31.342 GC heap after
Heap after GC invocations=11 (full 0):
 PSYoungGen      total 430592K, used 23730K [0x00000007d6a80000, 0x0000000800000000, 0x0000000800000000)
  eden space 403968K, 0% used [0x00000007d6a80000,0x00000007d6a80000,0x00000007ef500000)
  from space 26624K, 89% used [0x00000007ef500000,0x00000007f0c2ca08,0x00000007f0f00000)
  to   space 29696K, 0% used [0x00000007fe300000,0x00000007fe300000,0x0000000800000000)
 ParOldGen       total 84480K, used 58471K [0x0000000784000000, 0x0000000789280000, 0x00000007d6a80000)
  object space 84480K, 69% used [0x0000000784000000,0x0000000787919c00,0x0000000789280000)
 PSPermGen       total 54784K, used 54439K [0x000000077ee00000, 0x0000000782380000, 0x0000000784000000)
  object space 54784K, 99% used [0x000000077ee00000,0x0000000782329c78,0x0000000782380000)
}

